12288: 0100000010001100
12289: 0100000000111100
12290: 0000100000001001
12291: 0110000000100001
12292: 0000100010011111
12293: 0010010010000000
12294: 0011000000000010
12295: 0100010000000000
12296: 0011000000001011
12297: 0110000000100010
12298: 0110000000100101
12299: 0000000001101000
12300: 0000000001100101
12301: 0000000001101100
12302: 0000000001101100
12303: 0000000001101111
12304: 0000000000100000
12305: 0000000001110111
12306: 0000000001101111
12307: 0000000001110010
12308: 0000000001101100
12309: 0000000001100100

0100000010001100
executing: Instruction { operation: LD, dr: Some(Register(u3(1))), operand1: Some(Imm7(i7(12))), operand2: None }
PC: 12288 R0: 0	 R1: 12	 R2: 0	 R3: 0	 R4: 0	 R5: 0	 R6: 0	 R7: 0	 
0x3000: 0100000010001100
0x3001: 0100000000111100
n: false z: false p: true
clock:0x0000 first:0x0000 second:0x0000

0100000000111100
executing: Instruction { operation: LD, dr: Some(Register(u3(0))), operand1: Some(Imm7(i7(60))), operand2: None }
PC: 12289 R0: 60	 R1: 12	 R2: 0	 R3: 0	 R4: 0	 R5: 0	 R6: 0	 R7: 0	 
0x3001: 0100000000111100
0x3002: 0000100000001001
n: false z: false p: true
clock:0x0000 first:0x0000 second:0x0000

0000100000001001
executing: Instruction { operation: ADDi, dr: Some(Register(u3(0))), operand1: Some(Register(u3(0))), operand2: Some(Imm3(i3(1))) }
PC: 12290 R0: 61	 R1: 12	 R2: 0	 R3: 0	 R4: 0	 R5: 0	 R6: 0	 R7: 0	 
0x3002: 0000100000001001
0x3003: 0110000000100001
n: false z: false p: true
clock:0x0000 first:0x0000 second:0x0000

0110000000100001
executing: Instruction { operation: OUT, dr: None, operand1: None, operand2: None }
PC: 12291 R0: 61	 R1: 12	 R2: 0	 R3: 0	 R4: 0	 R5: 0	 R6: 0	 R7: 0	 
0x3003: 0110000000100001
0x3004: 0000100010011111
n: false z: false p: true
clock:0x0000 first:0x0000 second:0x0000

0000100010011111
executing: Instruction { operation: ADDi, dr: Some(Register(u3(1))), operand1: Some(Register(u3(1))), operand2: Some(Imm3(i3(-1))) }
PC: 12292 R0: 61	 R1: 11	 R2: 0	 R3: 0	 R4: 0	 R5: 0	 R6: 0	 R7: 0	 
0x3004: 0000100010011111
0x3005: 0010010010000000
n: false z: false p: true
clock:0x0000 first:0x0000 second:0x0000

0010010010000000
0011000000000010
exectuing: Instruction { operation: BR, dr: None, operand1: Some(BR(Flags { n: false, z: false, p: true })), operand2: Some(Address(12290)) }
PC: 12288 R0: 61	 R1: 11	 R2: 0	 R3: 0	 R4: 0	 R5: 0	 R6: 0	 R7: 0	 
0x3000: 0100000010001100
0x3001: 0100000000111100
n: false z: false p: true
clock:0x0000 first:0x0000 second:0x0000

0000100000001001
executing: Instruction { operation: ADDi, dr: Some(Register(u3(0))), operand1: Some(Register(u3(0))), operand2: Some(Imm3(i3(1))) }
PC: 12290 R0: 62	 R1: 11	 R2: 0	 R3: 0	 R4: 0	 R5: 0	 R6: 0	 R7: 0	 
0x3002: 0000100000001001
0x3003: 0110000000100001
n: false z: false p: true
clock:0x0000 first:0x0000 second:0x0000

0110000000100001
executing: Instruction { operation: OUT, dr: None, operand1: None, operand2: None }
PC: 12291 R0: 62	 R1: 11	 R2: 0	 R3: 0	 R4: 0	 R5: 0	 R6: 0	 R7: 0	 
0x3003: 0110000000100001
0x3004: 0000100010011111
n: false z: false p: true
clock:0x0000 first:0x0000 second:0x0000

0000100010011111
executing: Instruction { operation: ADDi, dr: Some(Register(u3(1))), operand1: Some(Register(u3(1))), operand2: Some(Imm3(i3(-1))) }
PC: 12292 R0: 62	 R1: 10	 R2: 0	 R3: 0	 R4: 0	 R5: 0	 R6: 0	 R7: 0	 
0x3004: 0000100010011111
0x3005: 0010010010000000
n: false z: false p: true
clock:0x0000 first:0x0000 second:0x0000

0010010010000000
0011000000000010
exectuing: Instruction { operation: BR, dr: None, operand1: Some(BR(Flags { n: false, z: false, p: true })), operand2: Some(Address(12290)) }
PC: 12288 R0: 62	 R1: 10	 R2: 0	 R3: 0	 R4: 0	 R5: 0	 R6: 0	 R7: 0	 
0x3000: 0100000010001100
0x3001: 0100000000111100
n: false z: false p: true
clock:0x0000 first:0x0000 second:0x0000

0000100000001001
executing: Instruction { operation: ADDi, dr: Some(Register(u3(0))), operand1: Some(Register(u3(0))), operand2: Some(Imm3(i3(1))) }
PC: 12290 R0: 63	 R1: 10	 R2: 0	 R3: 0	 R4: 0	 R5: 0	 R6: 0	 R7: 0	 
0x3002: 0000100000001001
0x3003: 0110000000100001
n: false z: false p: true
clock:0x0000 first:0x0000 second:0x0000

0110000000100001
executing: Instruction { operation: OUT, dr: None, operand1: None, operand2: None }
PC: 12291 R0: 63	 R1: 10	 R2: 0	 R3: 0	 R4: 0	 R5: 0	 R6: 0	 R7: 0	 
0x3003: 0110000000100001
0x3004: 0000100010011111
n: false z: false p: true
clock:0x0000 first:0x0000 second:0x0000

0000100010011111
executing: Instruction { operation: ADDi, dr: Some(Register(u3(1))), operand1: Some(Register(u3(1))), operand2: Some(Imm3(i3(-1))) }
PC: 12292 R0: 63	 R1: 9	 R2: 0	 R3: 0	 R4: 0	 R5: 0	 R6: 0	 R7: 0	 
0x3004: 0000100010011111
0x3005: 0010010010000000
n: false z: false p: true
clock:0x0000 first:0x0000 second:0x0000

0010010010000000
0011000000000010
exectuing: Instruction { operation: BR, dr: None, operand1: Some(BR(Flags { n: false, z: false, p: true })), operand2: Some(Address(12290)) }
PC: 12288 R0: 63	 R1: 9	 R2: 0	 R3: 0	 R4: 0	 R5: 0	 R6: 0	 R7: 0	 
0x3000: 0100000010001100
0x3001: 0100000000111100
n: false z: false p: true
clock:0x0000 first:0x0000 second:0x0000

0000100000001001
executing: Instruction { operation: ADDi, dr: Some(Register(u3(0))), operand1: Some(Register(u3(0))), operand2: Some(Imm3(i3(1))) }
PC: 12290 R0: 64	 R1: 9	 R2: 0	 R3: 0	 R4: 0	 R5: 0	 R6: 0	 R7: 0	 
0x3002: 0000100000001001
0x3003: 0110000000100001
n: false z: false p: true
clock:0x0000 first:0x0000 second:0x0000

0110000000100001
executing: Instruction { operation: OUT, dr: None, operand1: None, operand2: None }
PC: 12291 R0: 64	 R1: 9	 R2: 0	 R3: 0	 R4: 0	 R5: 0	 R6: 0	 R7: 0	 
0x3003: 0110000000100001
0x3004: 0000100010011111
n: false z: false p: true
clock:0x0000 first:0x0000 second:0x0000

0000100010011111
executing: Instruction { operation: ADDi, dr: Some(Register(u3(1))), operand1: Some(Register(u3(1))), operand2: Some(Imm3(i3(-1))) }
PC: 12292 R0: 64	 R1: 8	 R2: 0	 R3: 0	 R4: 0	 R5: 0	 R6: 0	 R7: 0	 
0x3004: 0000100010011111
0x3005: 0010010010000000
n: false z: false p: true
clock:0x0000 first:0x0000 second:0x0000

0010010010000000
0011000000000010
exectuing: Instruction { operation: BR, dr: None, operand1: Some(BR(Flags { n: false, z: false, p: true })), operand2: Some(Address(12290)) }
PC: 12288 R0: 64	 R1: 8	 R2: 0	 R3: 0	 R4: 0	 R5: 0	 R6: 0	 R7: 0	 
0x3000: 0100000010001100
0x3001: 0100000000111100
n: false z: false p: true
clock:0x0000 first:0x0000 second:0x0000

0000100000001001
executing: Instruction { operation: ADDi, dr: Some(Register(u3(0))), operand1: Some(Register(u3(0))), operand2: Some(Imm3(i3(1))) }
PC: 12290 R0: 65	 R1: 8	 R2: 0	 R3: 0	 R4: 0	 R5: 0	 R6: 0	 R7: 0	 
0x3002: 0000100000001001
0x3003: 0110000000100001
n: false z: false p: true
clock:0x0000 first:0x0000 second:0x0000

0110000000100001
executing: Instruction { operation: OUT, dr: None, operand1: None, operand2: None }
PC: 12291 R0: 65	 R1: 8	 R2: 0	 R3: 0	 R4: 0	 R5: 0	 R6: 0	 R7: 0	 
0x3003: 0110000000100001
0x3004: 0000100010011111
n: false z: false p: true
clock:0x0000 first:0x0000 second:0x0000

0000100010011111
executing: Instruction { operation: ADDi, dr: Some(Register(u3(1))), operand1: Some(Register(u3(1))), operand2: Some(Imm3(i3(-1))) }
PC: 12292 R0: 65	 R1: 7	 R2: 0	 R3: 0	 R4: 0	 R5: 0	 R6: 0	 R7: 0	 
0x3004: 0000100010011111
0x3005: 0010010010000000
n: false z: false p: true
clock:0x0000 first:0x0000 second:0x0000

0010010010000000
0011000000000010
exectuing: Instruction { operation: BR, dr: None, operand1: Some(BR(Flags { n: false, z: false, p: true })), operand2: Some(Address(12290)) }
PC: 12288 R0: 65	 R1: 7	 R2: 0	 R3: 0	 R4: 0	 R5: 0	 R6: 0	 R7: 0	 
0x3000: 0100000010001100
0x3001: 0100000000111100
n: false z: false p: true
clock:0x0000 first:0x0000 second:0x0000

0000100000001001
executing: Instruction { operation: ADDi, dr: Some(Register(u3(0))), operand1: Some(Register(u3(0))), operand2: Some(Imm3(i3(1))) }
PC: 12290 R0: 66	 R1: 7	 R2: 0	 R3: 0	 R4: 0	 R5: 0	 R6: 0	 R7: 0	 
0x3002: 0000100000001001
0x3003: 0110000000100001
n: false z: false p: true
clock:0x0000 first:0x0000 second:0x0000

0110000000100001
executing: Instruction { operation: OUT, dr: None, operand1: None, operand2: None }
PC: 12291 R0: 66	 R1: 7	 R2: 0	 R3: 0	 R4: 0	 R5: 0	 R6: 0	 R7: 0	 
0x3003: 0110000000100001
0x3004: 0000100010011111
n: false z: false p: true
clock:0x0000 first:0x0000 second:0x0000

0000100010011111
executing: Instruction { operation: ADDi, dr: Some(Register(u3(1))), operand1: Some(Register(u3(1))), operand2: Some(Imm3(i3(-1))) }
PC: 12292 R0: 66	 R1: 6	 R2: 0	 R3: 0	 R4: 0	 R5: 0	 R6: 0	 R7: 0	 
0x3004: 0000100010011111
0x3005: 0010010010000000
n: false z: false p: true
clock:0x0000 first:0x0000 second:0x0000

0010010010000000
0011000000000010
exectuing: Instruction { operation: BR, dr: None, operand1: Some(BR(Flags { n: false, z: false, p: true })), operand2: Some(Address(12290)) }
PC: 12288 R0: 66	 R1: 6	 R2: 0	 R3: 0	 R4: 0	 R5: 0	 R6: 0	 R7: 0	 
0x3000: 0100000010001100
0x3001: 0100000000111100
n: false z: false p: true
clock:0x0000 first:0x0000 second:0x0000

0000100000001001
executing: Instruction { operation: ADDi, dr: Some(Register(u3(0))), operand1: Some(Register(u3(0))), operand2: Some(Imm3(i3(1))) }
PC: 12290 R0: 67	 R1: 6	 R2: 0	 R3: 0	 R4: 0	 R5: 0	 R6: 0	 R7: 0	 
0x3002: 0000100000001001
0x3003: 0110000000100001
n: false z: false p: true
clock:0x0000 first:0x0000 second:0x0000

0110000000100001
executing: Instruction { operation: OUT, dr: None, operand1: None, operand2: None }
PC: 12291 R0: 67	 R1: 6	 R2: 0	 R3: 0	 R4: 0	 R5: 0	 R6: 0	 R7: 0	 
0x3003: 0110000000100001
0x3004: 0000100010011111
n: false z: false p: true
clock:0x0000 first:0x0000 second:0x0000

0000100010011111
executing: Instruction { operation: ADDi, dr: Some(Register(u3(1))), operand1: Some(Register(u3(1))), operand2: Some(Imm3(i3(-1))) }
PC: 12292 R0: 67	 R1: 5	 R2: 0	 R3: 0	 R4: 0	 R5: 0	 R6: 0	 R7: 0	 
0x3004: 0000100010011111
0x3005: 0010010010000000
n: false z: false p: true
clock:0x0000 first:0x0000 second:0x0000

0010010010000000
0011000000000010
exectuing: Instruction { operation: BR, dr: None, operand1: Some(BR(Flags { n: false, z: false, p: true })), operand2: Some(Address(12290)) }
PC: 12288 R0: 67	 R1: 5	 R2: 0	 R3: 0	 R4: 0	 R5: 0	 R6: 0	 R7: 0	 
0x3000: 0100000010001100
0x3001: 0100000000111100
n: false z: false p: true
clock:0x0000 first:0x0000 second:0x0000

0000100000001001
executing: Instruction { operation: ADDi, dr: Some(Register(u3(0))), operand1: Some(Register(u3(0))), operand2: Some(Imm3(i3(1))) }
PC: 12290 R0: 68	 R1: 5	 R2: 0	 R3: 0	 R4: 0	 R5: 0	 R6: 0	 R7: 0	 
0x3002: 0000100000001001
0x3003: 0110000000100001
n: false z: false p: true
clock:0x0000 first:0x0000 second:0x0000

0110000000100001
executing: Instruction { operation: OUT, dr: None, operand1: None, operand2: None }
PC: 12291 R0: 68	 R1: 5	 R2: 0	 R3: 0	 R4: 0	 R5: 0	 R6: 0	 R7: 0	 
0x3003: 0110000000100001
0x3004: 0000100010011111
n: false z: false p: true
clock:0x0000 first:0x0000 second:0x0000

0000100010011111
executing: Instruction { operation: ADDi, dr: Some(Register(u3(1))), operand1: Some(Register(u3(1))), operand2: Some(Imm3(i3(-1))) }
PC: 12292 R0: 68	 R1: 4	 R2: 0	 R3: 0	 R4: 0	 R5: 0	 R6: 0	 R7: 0	 
0x3004: 0000100010011111
0x3005: 0010010010000000
n: false z: false p: true
clock:0x0000 first:0x0000 second:0x0000

0010010010000000
0011000000000010
exectuing: Instruction { operation: BR, dr: None, operand1: Some(BR(Flags { n: false, z: false, p: true })), operand2: Some(Address(12290)) }
PC: 12288 R0: 68	 R1: 4	 R2: 0	 R3: 0	 R4: 0	 R5: 0	 R6: 0	 R7: 0	 
0x3000: 0100000010001100
0x3001: 0100000000111100
n: false z: false p: true
clock:0x0000 first:0x0000 second:0x0000

0000100000001001
executing: Instruction { operation: ADDi, dr: Some(Register(u3(0))), operand1: Some(Register(u3(0))), operand2: Some(Imm3(i3(1))) }
PC: 12290 R0: 69	 R1: 4	 R2: 0	 R3: 0	 R4: 0	 R5: 0	 R6: 0	 R7: 0	 
0x3002: 0000100000001001
0x3003: 0110000000100001
n: false z: false p: true
clock:0x0000 first:0x0000 second:0x0000

0110000000100001
executing: Instruction { operation: OUT, dr: None, operand1: None, operand2: None }
PC: 12291 R0: 69	 R1: 4	 R2: 0	 R3: 0	 R4: 0	 R5: 0	 R6: 0	 R7: 0	 
0x3003: 0110000000100001
0x3004: 0000100010011111
n: false z: false p: true
clock:0x0000 first:0x0000 second:0x0000

0000100010011111
executing: Instruction { operation: ADDi, dr: Some(Register(u3(1))), operand1: Some(Register(u3(1))), operand2: Some(Imm3(i3(-1))) }
PC: 12292 R0: 69	 R1: 3	 R2: 0	 R3: 0	 R4: 0	 R5: 0	 R6: 0	 R7: 0	 
0x3004: 0000100010011111
0x3005: 0010010010000000
n: false z: false p: true
clock:0x0000 first:0x0000 second:0x0000

0010010010000000
0011000000000010
exectuing: Instruction { operation: BR, dr: None, operand1: Some(BR(Flags { n: false, z: false, p: true })), operand2: Some(Address(12290)) }
PC: 12288 R0: 69	 R1: 3	 R2: 0	 R3: 0	 R4: 0	 R5: 0	 R6: 0	 R7: 0	 
0x3000: 0100000010001100
0x3001: 0100000000111100
n: false z: false p: true
clock:0x0000 first:0x0000 second:0x0000

0000100000001001
executing: Instruction { operation: ADDi, dr: Some(Register(u3(0))), operand1: Some(Register(u3(0))), operand2: Some(Imm3(i3(1))) }
PC: 12290 R0: 70	 R1: 3	 R2: 0	 R3: 0	 R4: 0	 R5: 0	 R6: 0	 R7: 0	 
0x3002: 0000100000001001
0x3003: 0110000000100001
n: false z: false p: true
clock:0x0000 first:0x0000 second:0x0000

0110000000100001
executing: Instruction { operation: OUT, dr: None, operand1: None, operand2: None }
PC: 12291 R0: 70	 R1: 3	 R2: 0	 R3: 0	 R4: 0	 R5: 0	 R6: 0	 R7: 0	 
0x3003: 0110000000100001
0x3004: 0000100010011111
n: false z: false p: true
clock:0x0000 first:0x0000 second:0x0000

0000100010011111
executing: Instruction { operation: ADDi, dr: Some(Register(u3(1))), operand1: Some(Register(u3(1))), operand2: Some(Imm3(i3(-1))) }
PC: 12292 R0: 70	 R1: 2	 R2: 0	 R3: 0	 R4: 0	 R5: 0	 R6: 0	 R7: 0	 
0x3004: 0000100010011111
0x3005: 0010010010000000
n: false z: false p: true
clock:0x0000 first:0x0000 second:0x0000

0010010010000000
0011000000000010
exectuing: Instruction { operation: BR, dr: None, operand1: Some(BR(Flags { n: false, z: false, p: true })), operand2: Some(Address(12290)) }
PC: 12288 R0: 70	 R1: 2	 R2: 0	 R3: 0	 R4: 0	 R5: 0	 R6: 0	 R7: 0	 
0x3000: 0100000010001100
0x3001: 0100000000111100
n: false z: false p: true
clock:0x0000 first:0x0000 second:0x0000

0000100000001001
executing: Instruction { operation: ADDi, dr: Some(Register(u3(0))), operand1: Some(Register(u3(0))), operand2: Some(Imm3(i3(1))) }
PC: 12290 R0: 71	 R1: 2	 R2: 0	 R3: 0	 R4: 0	 R5: 0	 R6: 0	 R7: 0	 
0x3002: 0000100000001001
0x3003: 0110000000100001
n: false z: false p: true
clock:0x0000 first:0x0000 second:0x0000

0110000000100001
executing: Instruction { operation: OUT, dr: None, operand1: None, operand2: None }
PC: 12291 R0: 71	 R1: 2	 R2: 0	 R3: 0	 R4: 0	 R5: 0	 R6: 0	 R7: 0	 
0x3003: 0110000000100001
0x3004: 0000100010011111
n: false z: false p: true
clock:0x0000 first:0x0000 second:0x0000

0000100010011111
executing: Instruction { operation: ADDi, dr: Some(Register(u3(1))), operand1: Some(Register(u3(1))), operand2: Some(Imm3(i3(-1))) }
PC: 12292 R0: 71	 R1: 1	 R2: 0	 R3: 0	 R4: 0	 R5: 0	 R6: 0	 R7: 0	 
0x3004: 0000100010011111
0x3005: 0010010010000000
n: false z: false p: true
clock:0x0000 first:0x0000 second:0x0000

0010010010000000
0011000000000010
exectuing: Instruction { operation: BR, dr: None, operand1: Some(BR(Flags { n: false, z: false, p: true })), operand2: Some(Address(12290)) }
PC: 12288 R0: 71	 R1: 1	 R2: 0	 R3: 0	 R4: 0	 R5: 0	 R6: 0	 R7: 0	 
0x3000: 0100000010001100
0x3001: 0100000000111100
n: false z: false p: true
clock:0x0000 first:0x0000 second:0x0000

0000100000001001
executing: Instruction { operation: ADDi, dr: Some(Register(u3(0))), operand1: Some(Register(u3(0))), operand2: Some(Imm3(i3(1))) }
PC: 12290 R0: 72	 R1: 1	 R2: 0	 R3: 0	 R4: 0	 R5: 0	 R6: 0	 R7: 0	 
0x3002: 0000100000001001
0x3003: 0110000000100001
n: false z: false p: true
clock:0x0000 first:0x0000 second:0x0000

0110000000100001
executing: Instruction { operation: OUT, dr: None, operand1: None, operand2: None }
PC: 12291 R0: 72	 R1: 1	 R2: 0	 R3: 0	 R4: 0	 R5: 0	 R6: 0	 R7: 0	 
0x3003: 0110000000100001
0x3004: 0000100010011111
n: false z: false p: true
clock:0x0000 first:0x0000 second:0x0000

0000100010011111
executing: Instruction { operation: ADDi, dr: Some(Register(u3(1))), operand1: Some(Register(u3(1))), operand2: Some(Imm3(i3(-1))) }
PC: 12292 R0: 72	 R1: 0	 R2: 0	 R3: 0	 R4: 0	 R5: 0	 R6: 0	 R7: 0	 
0x3004: 0000100010011111
0x3005: 0010010010000000
n: false z: true p: false
clock:0x0000 first:0x0000 second:0x0000

0010010010000000
0011000000000010
exectuing: Instruction { operation: BR, dr: None, operand1: Some(BR(Flags { n: false, z: false, p: true })), operand2: Some(Address(12290)) }
PC: 12293 R0: 72	 R1: 0	 R2: 0	 R3: 0	 R4: 0	 R5: 0	 R6: 0	 R7: 0	 
0x3005: 0010010010000000
0x3006: 0011000000000010
n: false z: true p: false
clock:0x0000 first:0x0000 second:0x0000

0100010000000000
0011000000001011
exectuing: Instruction { operation: LDa, dr: Some(Register(u3(0))), operand1: None, operand2: Some(Address(12299)) }
PC: 12295 R0: 104	 R1: 0	 R2: 0	 R3: 0	 R4: 0	 R5: 0	 R6: 0	 R7: 0	 
0x3007: 0100010000000000
0x3008: 0011000000001011
n: false z: false p: true
clock:0x0000 first:0x0000 second:0x0000

0110000000100010
executing: Instruction { operation: PUTS, dr: None, operand1: None, operand2: None }
PC: 12297 R0: 104	 R1: 0	 R2: 0	 R3: 0	 R4: 0	 R5: 0	 R6: 0	 R7: 0	 
0x3009: 0110000000100010
0x300a: 0110000000100101
n: false z: false p: true
clock:0x0000 first:0x0000 second:0x0000

0110000000100101
executing: Instruction { operation: HALT, dr: None, operand1: None, operand2: None }
PC: 12298 R0: 104	 R1: 0	 R2: 0	 R3: 0	 R4: 0	 R5: 0	 R6: 0	 R7: 0	 
0x300a: 0110000000100101
0x300b: 0000000001101000
n: false z: false p: true
clock:0x0000 first:0x0000 second:0x0000

